Determining if the pthread_create exist failed with the following output:
Change Dir: /home/thijs/codes/BSshadow/OpenGL-tutorial_v0014_33/build/CMakeFiles/CMakeTmp

Run Build Command:/usr/bin/make "cmTryCompileExec3202865659/fast"
/usr/bin/make -f CMakeFiles/cmTryCompileExec3202865659.dir/build.make CMakeFiles/cmTryCompileExec3202865659.dir/build
make[1]: Entering directory `/home/thijs/codes/BSshadow/OpenGL-tutorial_v0014_33/build/CMakeFiles/CMakeTmp'
/usr/bin/cmake -E cmake_progress_report /home/thijs/codes/BSshadow/OpenGL-tutorial_v0014_33/build/CMakeFiles/CMakeTmp/CMakeFiles 1
Building C object CMakeFiles/cmTryCompileExec3202865659.dir/CheckSymbolExists.c.o
/usr/bin/cc    -o CMakeFiles/cmTryCompileExec3202865659.dir/CheckSymbolExists.c.o   -c /home/thijs/codes/BSshadow/OpenGL-tutorial_v0014_33/build/CMakeFiles/CMakeTmp/CheckSymbolExists.c
Linking C executable cmTryCompileExec3202865659
/usr/bin/cmake -E cmake_link_script CMakeFiles/cmTryCompileExec3202865659.dir/link.txt --verbose=1
/usr/bin/cc       CMakeFiles/cmTryCompileExec3202865659.dir/CheckSymbolExists.c.o  -o cmTryCompileExec3202865659 -rdynamic 
CMakeFiles/cmTryCompileExec3202865659.dir/CheckSymbolExists.c.o: In function `main':
CheckSymbolExists.c:(.text+0x16): undefined reference to `pthread_create'
collect2: error: ld returned 1 exit status
make[1]: Leaving directory `/home/thijs/codes/BSshadow/OpenGL-tutorial_v0014_33/build/CMakeFiles/CMakeTmp'
make[1]: *** [cmTryCompileExec3202865659] Error 1
make: *** [cmTryCompileExec3202865659/fast] Error 2

File /home/thijs/codes/BSshadow/OpenGL-tutorial_v0014_33/build/CMakeFiles/CMakeTmp/CheckSymbolExists.c:
/* */
#include <pthread.h>

int main(int argc, char** argv)
{
  (void)argv;
#ifndef pthread_create
  return ((int*)(&pthread_create))[argc];
#else
  (void)argc;
  return 0;
#endif
}

Determining if the function pthread_create exists in the pthreads failed with the following output:
Change Dir: /home/thijs/codes/BSshadow/OpenGL-tutorial_v0014_33/build/CMakeFiles/CMakeTmp

Run Build Command:/usr/bin/make "cmTryCompileExec1270172810/fast"
/usr/bin/make -f CMakeFiles/cmTryCompileExec1270172810.dir/build.make CMakeFiles/cmTryCompileExec1270172810.dir/build
make[1]: Entering directory `/home/thijs/codes/BSshadow/OpenGL-tutorial_v0014_33/build/CMakeFiles/CMakeTmp'
/usr/bin/cmake -E cmake_progress_report /home/thijs/codes/BSshadow/OpenGL-tutorial_v0014_33/build/CMakeFiles/CMakeTmp/CMakeFiles 1
Building C object CMakeFiles/cmTryCompileExec1270172810.dir/CheckFunctionExists.c.o
/usr/bin/cc   -DCHECK_FUNCTION_EXISTS=pthread_create   -o CMakeFiles/cmTryCompileExec1270172810.dir/CheckFunctionExists.c.o   -c /usr/share/cmake-2.8/Modules/CheckFunctionExists.c
Linking C executable cmTryCompileExec1270172810
/usr/bin/cmake -E cmake_link_script CMakeFiles/cmTryCompileExec1270172810.dir/link.txt --verbose=1
/usr/bin/cc   -DCHECK_FUNCTION_EXISTS=pthread_create    CMakeFiles/cmTryCompileExec1270172810.dir/CheckFunctionExists.c.o  -o cmTryCompileExec1270172810 -rdynamic -lpthreads 
/usr/bin/ld: cannot find -lpthreads
collect2: error: ld returned 1 exit status
make[1]: Leaving directory `/home/thijs/codes/BSshadow/OpenGL-tutorial_v0014_33/build/CMakeFiles/CMakeTmp'
make[1]: *** [cmTryCompileExec1270172810] Error 1
make: *** [cmTryCompileExec1270172810/fast] Error 2


Determining if the function glXGetProcAddressEXT exists failed with the following output:
Change Dir: /home/thijs/codes/BSshadow/OpenGL-tutorial_v0014_33/build/CMakeFiles/CMakeTmp

Run Build Command:/usr/bin/make "cmTryCompileExec1406936834/fast"
/usr/bin/make -f CMakeFiles/cmTryCompileExec1406936834.dir/build.make CMakeFiles/cmTryCompileExec1406936834.dir/build
make[1]: Entering directory `/home/thijs/codes/BSshadow/OpenGL-tutorial_v0014_33/build/CMakeFiles/CMakeTmp'
/usr/bin/cmake -E cmake_progress_report /home/thijs/codes/BSshadow/OpenGL-tutorial_v0014_33/build/CMakeFiles/CMakeTmp/CMakeFiles 1
Building C object CMakeFiles/cmTryCompileExec1406936834.dir/CheckFunctionExists.c.o
/usr/bin/cc   -DCHECK_FUNCTION_EXISTS=glXGetProcAddressEXT   -o CMakeFiles/cmTryCompileExec1406936834.dir/CheckFunctionExists.c.o   -c /usr/share/cmake-2.8/Modules/CheckFunctionExists.c
Linking C executable cmTryCompileExec1406936834
/usr/bin/cmake -E cmake_link_script CMakeFiles/cmTryCompileExec1406936834.dir/link.txt --verbose=1
/usr/bin/cc   -DCHECK_FUNCTION_EXISTS=glXGetProcAddressEXT    CMakeFiles/cmTryCompileExec1406936834.dir/CheckFunctionExists.c.o  -o cmTryCompileExec1406936834 -rdynamic -lGL 
CMakeFiles/cmTryCompileExec1406936834.dir/CheckFunctionExists.c.o: In function `main':
CheckFunctionExists.c:(.text+0x15): undefined reference to `glXGetProcAddressEXT'
collect2: error: ld returned 1 exit status
make[1]: *** [cmTryCompileExec1406936834] Error 1
make[1]: Leaving directory `/home/thijs/codes/BSshadow/OpenGL-tutorial_v0014_33/build/CMakeFiles/CMakeTmp'
make: *** [cmTryCompileExec1406936834/fast] Error 2


